[0929/204404.193:INFO:CONSOLE(115)] "Event handler of 'x-storagemutated-1' event must be added on the initial evaluation of worker script.", source: https://static.whatsapp.net/rsrc.php/v4/yX/r/6Y7oD7vkKPm.js (115)
[0929/204411.989:INFO:CONSOLE(0)] "Error with Permissions-Policy header: Feature xr-spatial-tracking's parameters are ignored.", source:  (0)
[0929/204411.990:INFO:CONSOLE(0)] "Error with Permissions-Policy header: Origin trial controlled feature not enabled: 'attribution-reporting'.", source:  (0)
[0929/204411.990:INFO:CONSOLE(0)] "Error with Permissions-Policy header: Unrecognized feature: 'compute-pressure'.", source:  (0)
[0929/204411.990:INFO:CONSOLE(0)] "Error with Permissions-Policy header: Origin trial controlled feature not enabled: 'interest-cohort'.", source:  (0)
[0929/204411.990:INFO:CONSOLE(0)] "Error with Permissions-Policy header: Unrecognized feature: 'private-state-token-issuance'.", source:  (0)
[0929/204411.990:INFO:CONSOLE(0)] "Error with Permissions-Policy header: Origin trial controlled feature not enabled: 'shared-storage'.", source:  (0)
[0929/204411.990:INFO:CONSOLE(0)] "Error with Permissions-Policy header: Unrecognized feature: 'shared-storage-select-url'.", source:  (0)
[0929/204411.990:INFO:CONSOLE(0)] "Error with Permissions-Policy header: Unrecognized feature: 'private-state-token-redemption'.", source:  (0)
[0929/204411.991:INFO:CONSOLE(0)] "Error with Permissions-Policy header: Unrecognized feature: 'unload'.", source:  (0)
[0929/204411.991:INFO:CONSOLE(0)] "Error with Permissions-Policy header: Unrecognized feature: 'window-management'.", source:  (0)
[0929/204411.991:INFO:CONSOLE(0)] "Document-Policy HTTP header: Unrecognized document policy feature name include-js-call-stacks-in-crash-reports.", source: https://web.whatsapp.com/ (0)
[0929/204414.867:INFO:CONSOLE(115)] "Event handler of 'x-storagemutated-1' event must be added on the initial evaluation of worker script.", source: https://static.whatsapp.net/rsrc.php/v4/yX/r/6Y7oD7vkKPm.js (115)
[0929/204549.228:INFO:CONSOLE(115)] "Event handler of 'x-storagemutated-1' event must be added on the initial evaluation of worker script.", source: https://static.whatsapp.net/rsrc.php/v4/yX/r/6Y7oD7vkKPm.js (115)
[0929/205404.519:INFO:CONSOLE(115)] "Event handler of 'x-storagemutated-1' event must be added on the initial evaluation of worker script.", source: https://static.whatsapp.net/rsrc.php/v4/yX/r/6Y7oD7vkKPm.js (115)
[0929/212147.782:INFO:CONSOLE(115)] "Event handler of 'x-storagemutated-1' event must be added on the initial evaluation of worker script.", source: https://static.whatsapp.net/rsrc.php/v4/yX/r/6Y7oD7vkKPm.js (115)
[0929/213912.704:INFO:CONSOLE(115)] "Event handler of 'x-storagemutated-1' event must be added on the initial evaluation of worker script.", source: https://static.whatsapp.net/rsrc.php/v4/yX/r/6Y7oD7vkKPm.js (115)
[0929/214146.287:INFO:CONSOLE(115)] "Event handler of 'x-storagemutated-1' event must be added on the initial evaluation of worker script.", source: https://static.whatsapp.net/rsrc.php/v4/yX/r/6Y7oD7vkKPm.js (115)
[0929/214535.742:INFO:CONSOLE(115)] "Event handler of 'x-storagemutated-1' event must be added on the initial evaluation of worker script.", source: https://static.whatsapp.net/rsrc.php/v4/yX/r/6Y7oD7vkKPm.js (115)
[0929/214826.661:INFO:CONSOLE(115)] "Event handler of 'x-storagemutated-1' event must be added on the initial evaluation of worker script.", source: https://static.whatsapp.net/rsrc.php/v4/yX/r/6Y7oD7vkKPm.js (115)
[0929/215304.938:INFO:CONSOLE(115)] "Event handler of 'x-storagemutated-1' event must be added on the initial evaluation of worker script.", source: https://static.whatsapp.net/rsrc.php/v4/yX/r/6Y7oD7vkKPm.js (115)
[0929/220322.435:INFO:CONSOLE(115)] "Event handler of 'x-storagemutated-1' event must be added on the initial evaluation of worker script.", source: https://static.whatsapp.net/rsrc.php/v4/yX/r/6Y7oD7vkKPm.js (115)
[0929/221934.219:INFO:CONSOLE(115)] "Event handler of 'x-storagemutated-1' event must be added on the initial evaluation of worker script.", source: https://static.whatsapp.net/rsrc.php/v4/yX/r/6Y7oD7vkKPm.js (115)
[0929/222643.532:INFO:CONSOLE(115)] "Event handler of 'x-storagemutated-1' event must be added on the initial evaluation of worker script.", source: https://static.whatsapp.net/rsrc.php/v4/yX/r/6Y7oD7vkKPm.js (115)
[0929/222738.575:INFO:CONSOLE(115)] "Event handler of 'x-storagemutated-1' event must be added on the initial evaluation of worker script.", source: https://static.whatsapp.net/rsrc.php/v4/yX/r/6Y7oD7vkKPm.js (115)
[0929/223634.535:INFO:CONSOLE(115)] "Event handler of 'x-storagemutated-1' event must be added on the initial evaluation of worker script.", source: https://static.whatsapp.net/rsrc.php/v4/yX/r/6Y7oD7vkKPm.js (115)
[0929/223837.156:INFO:CONSOLE(115)] "Event handler of 'x-storagemutated-1' event must be added on the initial evaluation of worker script.", source: https://static.whatsapp.net/rsrc.php/v4/yX/r/6Y7oD7vkKPm.js (115)
[0929/232132.308:INFO:CONSOLE(115)] "Event handler of 'x-storagemutated-1' event must be added on the initial evaluation of worker script.", source: https://static.whatsapp.net/rsrc.php/v4/yX/r/6Y7oD7vkKPm.js (115)
[0929/233031.221:INFO:CONSOLE(115)] "Event handler of 'x-storagemutated-1' event must be added on the initial evaluation of worker script.", source: https://static.whatsapp.net/rsrc.php/v4/yX/r/6Y7oD7vkKPm.js (115)
[0929/233039.791:WARNING:dns_config_service_win.cc(584)] Failed to read DnsConfig.
[0929/233039.931:WARNING:dns_config_service_win.cc(584)] Failed to read DnsConfig.
[0929/233039.964:WARNING:dns_config_service_win.cc(584)] Failed to read DnsConfig.
[0929/233040.039:WARNING:dns_config_service_win.cc(584)] Failed to read DnsConfig.
[0929/233113.388:INFO:CONSOLE(115)] "Event handler of 'x-storagemutated-1' event must be added on the initial evaluation of worker script.", source: https://static.whatsapp.net/rsrc.php/v4/yX/r/6Y7oD7vkKPm.js (115)
[0929/234151.257:INFO:CONSOLE(115)] "Event handler of 'x-storagemutated-1' event must be added on the initial evaluation of worker script.", source: https://static.whatsapp.net/rsrc.php/v4/yX/r/6Y7oD7vkKPm.js (115)
[0929/234225.573:INFO:CONSOLE(115)] "Event handler of 'x-storagemutated-1' event must be added on the initial evaluation of worker script.", source: https://static.whatsapp.net/rsrc.php/v4/yX/r/6Y7oD7vkKPm.js (115)
[0930/002953.853:INFO:CONSOLE(115)] "Event handler of 'x-storagemutated-1' event must be added on the initial evaluation of worker script.", source: https://static.whatsapp.net/rsrc.php/v4/yX/r/6Y7oD7vkKPm.js (115)
[0930/020812.157:INFO:CONSOLE(115)] "Event handler of 'x-storagemutated-1' event must be added on the initial evaluation of worker script.", source: https://static.whatsapp.net/rsrc.php/v4/yX/r/6Y7oD7vkKPm.js (115)
[0930/031318.231:INFO:CONSOLE(115)] "Event handler of 'x-storagemutated-1' event must be added on the initial evaluation of worker script.", source: https://static.whatsapp.net/rsrc.php/v4/yX/r/6Y7oD7vkKPm.js (115)
[0930/141236.566:WARNING:dns_config_service_win.cc(584)] Failed to read DnsConfig.
[0930/141253.147:INFO:CONSOLE(115)] "Event handler of 'x-storagemutated-1' event must be added on the initial evaluation of worker script.", source: https://static.whatsapp.net/rsrc.php/v4/yX/r/6Y7oD7vkKPm.js (115)
[0930/141304.449:WARNING:dns_config_service_win.cc(584)] Failed to read DnsConfig.
[0930/141309.497:WARNING:dns_config_service_win.cc(584)] Failed to read DnsConfig.
[0930/141312.796:INFO:CONSOLE(0)] "The FetchEvent for "https://media.fgdl2-1.fna.whatsapp.net/v/t62.15575-24/555813863_24702847979366400_769638093940455849_n.enc?ccb=11-4&oh=01_Q5Aa2gFoCWyVvVcWQhY_YiPutertBm2jrigiC089Hq0UJNCXvA&oe=690344D5&_nc_sid=5e03e0&hash=9bwTeMY8iHxdPqykowJrziOg5O4YNaYifVyAXTl6suw%3D&_nc_cat=108&mode=auto&mms-type=sticker&__wa-mms=" resulted in a network error response: the promise was rejected.", source:  (0)
[0930/141312.807:INFO:CONSOLE(1785)] "Uncaught (in promise) TypeError: Failed to fetch", source: https://static.whatsapp.net/rsrc.php/v4/yX/r/6Y7oD7vkKPm.js (1785)
[0930/141313.877:INFO:CONSOLE(0)] "The FetchEvent for "https://media.fgdl2-1.fna.whatsapp.net/v/t62.15575-24/555813863_24702847979366400_769638093940455849_n.enc?ccb=11-4&oh=01_Q5Aa2gFoCWyVvVcWQhY_YiPutertBm2jrigiC089Hq0UJNCXvA&oe=690344D5&_nc_sid=5e03e0&hash=9bwTeMY8iHxdPqykowJrziOg5O4YNaYifVyAXTl6suw%3D&_nc_cat=108&mode=auto&mms-type=sticker&__wa-mms=" resulted in a network error response: the promise was rejected.", source:  (0)
[0930/141313.879:INFO:CONSOLE(1785)] "Uncaught (in promise) TypeError: Failed to fetch", source: https://static.whatsapp.net/rsrc.php/v4/yX/r/6Y7oD7vkKPm.js (1785)
[0930/141315.886:INFO:CONSOLE(0)] "The FetchEvent for "https://media.fmex4-2.fna.whatsapp.net/v/t62.15575-24/555813863_24702847979366400_769638093940455849_n.enc?ccb=11-4&oh=01_Q5Aa2gFoCWyVvVcWQhY_YiPutertBm2jrigiC089Hq0UJNCXvA&oe=690344D5&_nc_sid=5e03e0&hash=9bwTeMY8iHxdPqykowJrziOg5O4YNaYifVyAXTl6suw%3D&mode=auto&mms-type=sticker&__wa-mms=" resulted in a network error response: the promise was rejected.", source:  (0)
[0930/141315.889:INFO:CONSOLE(1785)] "Uncaught (in promise) TypeError: Failed to fetch", source: https://static.whatsapp.net/rsrc.php/v4/yX/r/6Y7oD7vkKPm.js (1785)
[0930/141319.522:WARNING:dns_config_service_win.cc(584)] Failed to read DnsConfig.
[0930/141319.889:INFO:CONSOLE(0)] "The FetchEvent for "https://mmg.whatsapp.net/v/t62.15575-24/555813863_24702847979366400_769638093940455849_n.enc?ccb=11-4&oh=01_Q5Aa2gFoCWyVvVcWQhY_YiPutertBm2jrigiC089Hq0UJNCXvA&oe=690344D5&_nc_sid=5e03e0&hash=9bwTeMY8iHxdPqykowJrziOg5O4YNaYifVyAXTl6suw%3D&mode=auto&mms-type=sticker&__wa-mms=" resulted in a network error response: the promise was rejected.", source:  (0)
[0930/141319.890:INFO:CONSOLE(1785)] "Uncaught (in promise) TypeError: Failed to fetch", source: https://static.whatsapp.net/rsrc.php/v4/yX/r/6Y7oD7vkKPm.js (1785)
[0930/141339.545:WARNING:dns_config_service_win.cc(584)] Failed to read DnsConfig.
[0930/141340.912:WARNING:dns_config_service_win.cc(584)] Failed to read DnsConfig.
[0930/141440.228:INFO:CONSOLE(115)] "Event handler of 'x-storagemutated-1' event must be added on the initial evaluation of worker script.", source: https://static.whatsapp.net/rsrc.php/v4/yX/r/6Y7oD7vkKPm.js (115)
[0930/143249.071:INFO:CONSOLE(115)] "Event handler of 'x-storagemutated-1' event must be added on the initial evaluation of worker script.", source: https://static.whatsapp.net/rsrc.php/v4/yX/r/6Y7oD7vkKPm.js (115)
[0930/151851.117:INFO:CONSOLE(115)] "Event handler of 'x-storagemutated-1' event must be added on the initial evaluation of worker script.", source: https://static.whatsapp.net/rsrc.php/v4/yX/r/6Y7oD7vkKPm.js (115)
[0930/154242.145:INFO:CONSOLE(115)] "Event handler of 'x-storagemutated-1' event must be added on the initial evaluation of worker script.", source: https://static.whatsapp.net/rsrc.php/v4/yX/r/6Y7oD7vkKPm.js (115)
[0930/154341.143:INFO:CONSOLE(115)] "Event handler of 'x-storagemutated-1' event must be added on the initial evaluation of worker script.", source: https://static.whatsapp.net/rsrc.php/v4/yX/r/6Y7oD7vkKPm.js (115)
[0930/163305.537:INFO:CONSOLE(115)] "Event handler of 'x-storagemutated-1' event must be added on the initial evaluation of worker script.", source: https://static.whatsapp.net/rsrc.php/v4/yX/r/6Y7oD7vkKPm.js (115)
[0930/174842.203:WARNING:dns_config_service_win.cc(584)] Failed to read DnsConfig.
[0930/174842.238:WARNING:dns_config_service_win.cc(584)] Failed to read DnsConfig.
[0930/174842.339:WARNING:dns_config_service_win.cc(584)] Failed to read DnsConfig.
[0930/174842.382:WARNING:dns_config_service_win.cc(584)] Failed to read DnsConfig.
[0930/174842.535:WARNING:dns_config_service_win.cc(584)] Failed to read DnsConfig.
[0930/174842.675:WARNING:dns_config_service_win.cc(584)] Failed to read DnsConfig.
[0930/174842.817:WARNING:dns_config_service_win.cc(584)] Failed to read DnsConfig.
[0930/174904.186:INFO:CONSOLE(115)] "Event handler of 'x-storagemutated-1' event must be added on the initial evaluation of worker script.", source: https://static.whatsapp.net/rsrc.php/v4/yX/r/6Y7oD7vkKPm.js (115)
[0930/181205.252:INFO:CONSOLE(880)] "Failed to parse video contentType: video/mp4; codecs=avc1.42000a", source: https://static.whatsapp.net/rsrc.php/v4iKzo4/yR/l/es_LA-j/syC7ITsyse1.js (880)
[0930/181205.274:INFO:CONSOLE(880)] "Failed to parse video contentType: video/mp4; codecs=hev1.1.6.L93.B0", source: https://static.whatsapp.net/rsrc.php/v4iKzo4/yR/l/es_LA-j/syC7ITsyse1.js (880)
[0930/181206.780:INFO:CONSOLE(115)] "Event handler of 'x-storagemutated-1' event must be added on the initial evaluation of worker script.", source: https://static.whatsapp.net/rsrc.php/v4/yX/r/6Y7oD7vkKPm.js (115)
[0930/183030.694:INFO:CONSOLE(115)] "Event handler of 'x-storagemutated-1' event must be added on the initial evaluation of worker script.", source: https://static.whatsapp.net/rsrc.php/v4/yX/r/6Y7oD7vkKPm.js (115)
[0930/185944.647:INFO:CONSOLE(115)] "Event handler of 'x-storagemutated-1' event must be added on the initial evaluation of worker script.", source: https://static.whatsapp.net/rsrc.php/v4/yX/r/6Y7oD7vkKPm.js (115)
[0930/190130.216:INFO:CONSOLE(115)] "Event handler of 'x-storagemutated-1' event must be added on the initial evaluation of worker script.", source: https://static.whatsapp.net/rsrc.php/v4/yX/r/6Y7oD7vkKPm.js (115)
[0930/190732.082:INFO:CONSOLE(115)] "Event handler of 'x-storagemutated-1' event must be added on the initial evaluation of worker script.", source: https://static.whatsapp.net/rsrc.php/v4/yX/r/6Y7oD7vkKPm.js (115)
[0930/190851.248:INFO:CONSOLE(115)] "Event handler of 'x-storagemutated-1' event must be added on the initial evaluation of worker script.", source: https://static.whatsapp.net/rsrc.php/v4/yX/r/6Y7oD7vkKPm.js (115)
[0930/190948.781:INFO:CONSOLE(115)] "Event handler of 'x-storagemutated-1' event must be added on the initial evaluation of worker script.", source: https://static.whatsapp.net/rsrc.php/v4/yX/r/6Y7oD7vkKPm.js (115)
[0930/191028.914:INFO:CONSOLE(115)] "Event handler of 'x-storagemutated-1' event must be added on the initial evaluation of worker script.", source: https://static.whatsapp.net/rsrc.php/v4/yX/r/6Y7oD7vkKPm.js (115)
[0930/191220.973:INFO:CONSOLE(115)] "Event handler of 'x-storagemutated-1' event must be added on the initial evaluation of worker script.", source: https://static.whatsapp.net/rsrc.php/v4/yX/r/6Y7oD7vkKPm.js (115)
[0930/191633.803:INFO:CONSOLE(115)] "Event handler of 'x-storagemutated-1' event must be added on the initial evaluation of worker script.", source: https://static.whatsapp.net/rsrc.php/v4/yX/r/6Y7oD7vkKPm.js (115)
[0930/192413.161:INFO:CONSOLE(115)] "Event handler of 'x-storagemutated-1' event must be added on the initial evaluation of worker script.", source: https://static.whatsapp.net/rsrc.php/v4/yX/r/6Y7oD7vkKPm.js (115)
[0930/195355.214:INFO:CONSOLE(115)] "Event handler of 'x-storagemutated-1' event must be added on the initial evaluation of worker script.", source: https://static.whatsapp.net/rsrc.php/v4/yX/r/6Y7oD7vkKPm.js (115)
[0930/195928.405:INFO:CONSOLE(115)] "Event handler of 'x-storagemutated-1' event must be added on the initial evaluation of worker script.", source: https://static.whatsapp.net/rsrc.php/v4/yX/r/6Y7oD7vkKPm.js (115)
[0930/200957.874:WARNING:dns_config_service_win.cc(584)] Failed to read DnsConfig.
[0930/201001.621:WARNING:dns_config_service_win.cc(584)] Failed to read DnsConfig.
[0930/201002.037:WARNING:dns_config_service_win.cc(584)] Failed to read DnsConfig.
[0930/201016.515:INFO:CONSOLE(115)] "Event handler of 'x-storagemutated-1' event must be added on the initial evaluation of worker script.", source: https://static.whatsapp.net/rsrc.php/v4/yX/r/6Y7oD7vkKPm.js (115)
[0930/201712.549:INFO:CONSOLE(115)] "Event handler of 'x-storagemutated-1' event must be added on the initial evaluation of worker script.", source: https://static.whatsapp.net/rsrc.php/v4/yX/r/6Y7oD7vkKPm.js (115)
[1001/153318.426:INFO:CONSOLE(115)] "Event handler of 'x-storagemutated-1' event must be added on the initial evaluation of worker script.", source: https://static.whatsapp.net/rsrc.php/v4/yX/r/6Y7oD7vkKPm.js (115)
[1001/153319.657:INFO:CONSOLE(115)] "Event handler of 'x-storagemutated-1' event must be added on the initial evaluation of worker script.", source: https://static.whatsapp.net/rsrc.php/v4/y-/r/TXMi0TF451E.js (115)
[1001/153323.062:INFO:CONSOLE(0)] "Error with Permissions-Policy header: Feature xr-spatial-tracking's parameters are ignored.", source:  (0)
[1001/153323.062:INFO:CONSOLE(0)] "Error with Permissions-Policy header: Origin trial controlled feature not enabled: 'attribution-reporting'.", source:  (0)
[1001/153323.062:INFO:CONSOLE(0)] "Error with Permissions-Policy header: Unrecognized feature: 'compute-pressure'.", source:  (0)
[1001/153323.062:INFO:CONSOLE(0)] "Error with Permissions-Policy header: Origin trial controlled feature not enabled: 'interest-cohort'.", source:  (0)
[1001/153323.062:INFO:CONSOLE(0)] "Error with Permissions-Policy header: Unrecognized feature: 'private-state-token-issuance'.", source:  (0)
[1001/153323.063:INFO:CONSOLE(0)] "Error with Permissions-Policy header: Origin trial controlled feature not enabled: 'shared-storage'.", source:  (0)
[1001/153323.063:INFO:CONSOLE(0)] "Error with Permissions-Policy header: Unrecognized feature: 'shared-storage-select-url'.", source:  (0)
[1001/153323.063:INFO:CONSOLE(0)] "Error with Permissions-Policy header: Unrecognized feature: 'private-state-token-redemption'.", source:  (0)
[1001/153323.063:INFO:CONSOLE(0)] "Error with Permissions-Policy header: Unrecognized feature: 'unload'.", source:  (0)
[1001/153323.063:INFO:CONSOLE(0)] "Error with Permissions-Policy header: Unrecognized feature: 'window-management'.", source:  (0)
[1001/153323.089:INFO:CONSOLE(0)] "Document-Policy HTTP header: Unrecognized document policy feature name include-js-call-stacks-in-crash-reports.", source: https://web.whatsapp.com/ (0)
[1001/153421.728:INFO:CONSOLE(115)] "Event handler of 'x-storagemutated-1' event must be added on the initial evaluation of worker script.", source: https://static.whatsapp.net/rsrc.php/v4/y-/r/TXMi0TF451E.js (115)
[1001/153904.573:INFO:CONSOLE(115)] "Event handler of 'x-storagemutated-1' event must be added on the initial evaluation of worker script.", source: https://static.whatsapp.net/rsrc.php/v4/y-/r/TXMi0TF451E.js (115)
[1001/153945.526:INFO:CONSOLE(115)] "Event handler of 'x-storagemutated-1' event must be added on the initial evaluation of worker script.", source: https://static.whatsapp.net/rsrc.php/v4/y-/r/TXMi0TF451E.js (115)
[1001/164857.106:WARNING:dns_config_service_win.cc(584)] Failed to read DnsConfig.
[1001/164915.127:INFO:CONSOLE(115)] "Event handler of 'x-storagemutated-1' event must be added on the initial evaluation of worker script.", source: https://static.whatsapp.net/rsrc.php/v4/y-/r/TXMi0TF451E.js (115)
[1001/165028.652:INFO:CONSOLE(115)] "Event handler of 'x-storagemutated-1' event must be added on the initial evaluation of worker script.", source: https://static.whatsapp.net/rsrc.php/v4/y-/r/TXMi0TF451E.js (115)
[1001/165852.478:INFO:CONSOLE(115)] "Event handler of 'x-storagemutated-1' event must be added on the initial evaluation of worker script.", source: https://static.whatsapp.net/rsrc.php/v4/y-/r/TXMi0TF451E.js (115)
[1001/170027.343:INFO:CONSOLE(115)] "Event handler of 'x-storagemutated-1' event must be added on the initial evaluation of worker script.", source: https://static.whatsapp.net/rsrc.php/v4/y-/r/TXMi0TF451E.js (115)
[1001/170703.699:INFO:CONSOLE(115)] "Event handler of 'x-storagemutated-1' event must be added on the initial evaluation of worker script.", source: https://static.whatsapp.net/rsrc.php/v4/y-/r/TXMi0TF451E.js (115)
[1001/171736.436:INFO:CONSOLE(115)] "Event handler of 'x-storagemutated-1' event must be added on the initial evaluation of worker script.", source: https://static.whatsapp.net/rsrc.php/v4/y-/r/TXMi0TF451E.js (115)
[1001/173433.834:INFO:CONSOLE(115)] "Event handler of 'x-storagemutated-1' event must be added on the initial evaluation of worker script.", source: https://static.whatsapp.net/rsrc.php/v4/y-/r/TXMi0TF451E.js (115)
[1001/174944.195:INFO:CONSOLE(115)] "Event handler of 'x-storagemutated-1' event must be added on the initial evaluation of worker script.", source: https://static.whatsapp.net/rsrc.php/v4/y-/r/TXMi0TF451E.js (115)
[1001/175233.005:INFO:CONSOLE(115)] "Event handler of 'x-storagemutated-1' event must be added on the initial evaluation of worker script.", source: https://static.whatsapp.net/rsrc.php/v4/y-/r/TXMi0TF451E.js (115)
[1001/175829.385:INFO:CONSOLE(115)] "Event handler of 'x-storagemutated-1' event must be added on the initial evaluation of worker script.", source: https://static.whatsapp.net/rsrc.php/v4/y-/r/TXMi0TF451E.js (115)
[1001/175914.401:INFO:CONSOLE(115)] "Event handler of 'x-storagemutated-1' event must be added on the initial evaluation of worker script.", source: https://static.whatsapp.net/rsrc.php/v4/y-/r/TXMi0TF451E.js (115)
[1001/181209.466:INFO:CONSOLE(886)] "Failed to parse video contentType: video/mp4; codecs=avc1.42000a", source: https://static.whatsapp.net/rsrc.php/v4iKzo4/yf/l/es_LA-j/IIwhmvDF5TT.js (886)
[1001/181209.467:INFO:CONSOLE(886)] "Failed to parse video contentType: video/mp4; codecs=hev1.1.6.L93.B0", source: https://static.whatsapp.net/rsrc.php/v4iKzo4/yf/l/es_LA-j/IIwhmvDF5TT.js (886)
[1001/181540.911:INFO:CONSOLE(115)] "Event handler of 'x-storagemutated-1' event must be added on the initial evaluation of worker script.", source: https://static.whatsapp.net/rsrc.php/v4/y-/r/TXMi0TF451E.js (115)
[1001/182037.129:INFO:CONSOLE(115)] "Event handler of 'x-storagemutated-1' event must be added on the initial evaluation of worker script.", source: https://static.whatsapp.net/rsrc.php/v4/y-/r/TXMi0TF451E.js (115)
[1001/182155.781:INFO:CONSOLE(115)] "Event handler of 'x-storagemutated-1' event must be added on the initial evaluation of worker script.", source: https://static.whatsapp.net/rsrc.php/v4/y-/r/TXMi0TF451E.js (115)
[1001/182421.304:INFO:CONSOLE(115)] "Event handler of 'x-storagemutated-1' event must be added on the initial evaluation of worker script.", source: https://static.whatsapp.net/rsrc.php/v4/y-/r/TXMi0TF451E.js (115)
[1001/182535.272:INFO:CONSOLE(115)] "Event handler of 'x-storagemutated-1' event must be added on the initial evaluation of worker script.", source: https://static.whatsapp.net/rsrc.php/v4/y-/r/TXMi0TF451E.js (115)
[1001/182617.263:INFO:CONSOLE(115)] "Event handler of 'x-storagemutated-1' event must be added on the initial evaluation of worker script.", source: https://static.whatsapp.net/rsrc.php/v4/y-/r/TXMi0TF451E.js (115)
[1001/184708.301:INFO:CONSOLE(115)] "Event handler of 'x-storagemutated-1' event must be added on the initial evaluation of worker script.", source: https://static.whatsapp.net/rsrc.php/v4/y-/r/TXMi0TF451E.js (115)
[1001/185202.890:INFO:CONSOLE(115)] "Event handler of 'x-storagemutated-1' event must be added on the initial evaluation of worker script.", source: https://static.whatsapp.net/rsrc.php/v4/y-/r/TXMi0TF451E.js (115)
[1001/191541.664:INFO:CONSOLE(115)] "Event handler of 'x-storagemutated-1' event must be added on the initial evaluation of worker script.", source: https://static.whatsapp.net/rsrc.php/v4/y-/r/TXMi0TF451E.js (115)
[1001/194952.459:INFO:CONSOLE(115)] "Event handler of 'x-storagemutated-1' event must be added on the initial evaluation of worker script.", source: https://static.whatsapp.net/rsrc.php/v4/y-/r/TXMi0TF451E.js (115)
[1001/195759.444:INFO:CONSOLE(115)] "Event handler of 'x-storagemutated-1' event must be added on the initial evaluation of worker script.", source: https://static.whatsapp.net/rsrc.php/v4/y-/r/TXMi0TF451E.js (115)
[1001/200023.972:INFO:CONSOLE(115)] "Event handler of 'x-storagemutated-1' event must be added on the initial evaluation of worker script.", source: https://static.whatsapp.net/rsrc.php/v4/y-/r/TXMi0TF451E.js (115)
[1001/203513.417:INFO:CONSOLE(115)] "Event handler of 'x-storagemutated-1' event must be added on the initial evaluation of worker script.", source: https://static.whatsapp.net/rsrc.php/v4/y-/r/TXMi0TF451E.js (115)
[1001/204752.554:INFO:CONSOLE(115)] "Event handler of 'x-storagemutated-1' event must be added on the initial evaluation of worker script.", source: https://static.whatsapp.net/rsrc.php/v4/y-/r/TXMi0TF451E.js (115)
[1001/211102.560:WARNING:dns_config_service_win.cc(584)] Failed to read DnsConfig.
[1001/211102.592:WARNING:dns_config_service_win.cc(584)] Failed to read DnsConfig.
[1001/211102.624:WARNING:dns_config_service_win.cc(584)] Failed to read DnsConfig.
[1001/211102.711:WARNING:dns_config_service_win.cc(584)] Failed to read DnsConfig.
[1001/211102.880:WARNING:dns_config_service_win.cc(584)] Failed to read DnsConfig.
[1001/211102.899:WARNING:dns_config_service_win.cc(584)] Failed to read DnsConfig.
[1001/211103.036:WARNING:dns_config_service_win.cc(584)] Failed to read DnsConfig.
[1001/211126.347:INFO:CONSOLE(115)] "Event handler of 'x-storagemutated-1' event must be added on the initial evaluation of worker script.", source: https://static.whatsapp.net/rsrc.php/v4/y-/r/TXMi0TF451E.js (115)
[1001/212808.544:INFO:CONSOLE(115)] "Event handler of 'x-storagemutated-1' event must be added on the initial evaluation of worker script.", source: https://static.whatsapp.net/rsrc.php/v4/y-/r/TXMi0TF451E.js (115)
[1002/174823.976:INFO:CONSOLE(115)] "Event handler of 'x-storagemutated-1' event must be added on the initial evaluation of worker script.", source: https://static.whatsapp.net/rsrc.php/v4/y-/r/TXMi0TF451E.js (115)
[1002/174911.448:INFO:CONSOLE(115)] "Event handler of 'x-storagemutated-1' event must be added on the initial evaluation of worker script.", source: https://static.whatsapp.net/rsrc.php/v4/y-/r/TXMi0TF451E.js (115)
[1002/174912.144:INFO:CONSOLE(115)] "Event handler of 'x-storagemutated-1' event must be added on the initial evaluation of worker script.", source: https://static.whatsapp.net/rsrc.php/v4/ys/r/PLEQ5KOy7Qh.js (115)
[1002/174917.882:INFO:CONSOLE(0)] "Error with Permissions-Policy header: Feature xr-spatial-tracking's parameters are ignored.", source:  (0)
[1002/174917.882:INFO:CONSOLE(0)] "Error with Permissions-Policy header: Origin trial controlled feature not enabled: 'attribution-reporting'.", source:  (0)
[1002/174917.882:INFO:CONSOLE(0)] "Error with Permissions-Policy header: Unrecognized feature: 'compute-pressure'.", source:  (0)
[1002/174917.883:INFO:CONSOLE(0)] "Error with Permissions-Policy header: Origin trial controlled feature not enabled: 'interest-cohort'.", source:  (0)
[1002/174917.883:INFO:CONSOLE(0)] "Error with Permissions-Policy header: Unrecognized feature: 'private-state-token-issuance'.", source:  (0)
[1002/174917.883:INFO:CONSOLE(0)] "Error with Permissions-Policy header: Origin trial controlled feature not enabled: 'shared-storage'.", source:  (0)
[1002/174917.883:INFO:CONSOLE(0)] "Error with Permissions-Policy header: Unrecognized feature: 'shared-storage-select-url'.", source:  (0)
[1002/174917.883:INFO:CONSOLE(0)] "Error with Permissions-Policy header: Unrecognized feature: 'private-state-token-redemption'.", source:  (0)
[1002/174917.883:INFO:CONSOLE(0)] "Error with Permissions-Policy header: Unrecognized feature: 'unload'.", source:  (0)
[1002/174917.883:INFO:CONSOLE(0)] "Error with Permissions-Policy header: Unrecognized feature: 'window-management'.", source:  (0)
[1002/174917.922:INFO:CONSOLE(0)] "Document-Policy HTTP header: Unrecognized document policy feature name include-js-call-stacks-in-crash-reports.", source: https://web.whatsapp.com/ (0)
[1002/175314.243:INFO:CONSOLE(115)] "Event handler of 'x-storagemutated-1' event must be added on the initial evaluation of worker script.", source: https://static.whatsapp.net/rsrc.php/v4/ys/r/PLEQ5KOy7Qh.js (115)
[1002/175409.640:INFO:CONSOLE(115)] "Event handler of 'x-storagemutated-1' event must be added on the initial evaluation of worker script.", source: https://static.whatsapp.net/rsrc.php/v4/ys/r/PLEQ5KOy7Qh.js (115)
[1002/175611.682:INFO:CONSOLE(115)] "Event handler of 'x-storagemutated-1' event must be added on the initial evaluation of worker script.", source: https://static.whatsapp.net/rsrc.php/v4/ys/r/PLEQ5KOy7Qh.js (115)
[1002/175740.704:INFO:CONSOLE(115)] "Event handler of 'x-storagemutated-1' event must be added on the initial evaluation of worker script.", source: https://static.whatsapp.net/rsrc.php/v4/ys/r/PLEQ5KOy7Qh.js (115)
[1002/175958.205:INFO:CONSOLE(115)] "Event handler of 'x-storagemutated-1' event must be added on the initial evaluation of worker script.", source: https://static.whatsapp.net/rsrc.php/v4/ys/r/PLEQ5KOy7Qh.js (115)
[1002/180544.817:INFO:CONSOLE(115)] "Event handler of 'x-storagemutated-1' event must be added on the initial evaluation of worker script.", source: https://static.whatsapp.net/rsrc.php/v4/ys/r/PLEQ5KOy7Qh.js (115)
[1002/181211.955:INFO:CONSOLE(873)] "Failed to parse video contentType: video/mp4; codecs=avc1.42000a", source: https://static.whatsapp.net/rsrc.php/v4iKzo4/yR/l/es_LA-j/yKltF-ibbYb.js (873)
[1002/181211.956:INFO:CONSOLE(873)] "Failed to parse video contentType: video/mp4; codecs=hev1.1.6.L93.B0", source: https://static.whatsapp.net/rsrc.php/v4iKzo4/yR/l/es_LA-j/yKltF-ibbYb.js (873)
[1002/183330.706:INFO:CONSOLE(115)] "Event handler of 'x-storagemutated-1' event must be added on the initial evaluation of worker script.", source: https://static.whatsapp.net/rsrc.php/v4/ys/r/PLEQ5KOy7Qh.js (115)
[1002/183740.111:INFO:CONSOLE(115)] "Event handler of 'x-storagemutated-1' event must be added on the initial evaluation of worker script.", source: https://static.whatsapp.net/rsrc.php/v4/ys/r/PLEQ5KOy7Qh.js (115)
[1002/185720.012:INFO:CONSOLE(115)] "Event handler of 'x-storagemutated-1' event must be added on the initial evaluation of worker script.", source: https://static.whatsapp.net/rsrc.php/v4/ys/r/PLEQ5KOy7Qh.js (115)
[1002/192231.676:INFO:CONSOLE(115)] "Event handler of 'x-storagemutated-1' event must be added on the initial evaluation of worker script.", source: https://static.whatsapp.net/rsrc.php/v4/ys/r/PLEQ5KOy7Qh.js (115)
[1002/194734.594:INFO:CONSOLE(115)] "Event handler of 'x-storagemutated-1' event must be added on the initial evaluation of worker script.", source: https://static.whatsapp.net/rsrc.php/v4/ys/r/PLEQ5KOy7Qh.js (115)
[1002/232616.257:INFO:CONSOLE(115)] "Event handler of 'x-storagemutated-1' event must be added on the initial evaluation of worker script.", source: https://static.whatsapp.net/rsrc.php/v4/ys/r/PLEQ5KOy7Qh.js (115)
